{"content": {"suites": {"0": {"status": {"total_pass": 1, "total_skip": 0, "total_xpass": 0, "total_xfail": 0, "total_rerun": 0, "total_fail": 3, "total_error": 0}, "tests": {"0": {"status": "FAIL", "message": "   selenium.common.exceptions.NoSuchElementException: Message: no such element: Unable to locate element: {\"method\":\"css selector\",\"selector\":\".col-xl-3:nth-child(2) strong\"}\n     (Session info: chrome=131.0.6778.265); For documentation on this error, please visit: https://www.selenium.dev/documentation/webdriver/troubleshooting/errors#no-such-element-exception\n   Stacktrace:\n   \tGetHandleVerifier [0x00007FF6D1CA80D5+2992373]\n   \t(No symbol) [0x00007FF6D193BFD0]\n   \t(No symbol) [0x00007FF6D17D590A]\n   \t(No symbol) [0x00007FF6D182926E]\n   \t(No symbol) [0x00007FF6D182955C]\n   \t(No symbol) [0x00007FF6D18727D7]\n   \t(No symbol) [0x00007FF6D184F3AF]\n   \t(No symbol) [0x00007FF6D186F584]\n   \t(No symbol) [0x00007FF6D184F113]\n   \t(No symbol) [0x00007FF6D181A918]\n   \t(No symbol) [0x00007FF6D181BA81]\n   \tGetHandleVerifier [0x00007FF6D1D06A2D+3379789]\n   \tGetHandleVerifier [0x00007FF6D1D1C32D+3468109]\n   \tGetHandleVerifier [0x00007FF6D1D10043+3418211]\n   \tGetHandleVerifier [0x00007FF6D1A9C78B+847787]\n   \t(No symbol) [0x00007FF6D194757F]\n   \t(No symbol) [0x00007FF6D1942FC4]\n   \t(No symbol) [0x00007FF6D194315D]\n   \t(No symbol) [0x00007FF6D1932979]\n   \tBaseThreadInitThunk [0x00007FFFB02A259D+29]\n   \tRtlUserThreadStart [0x00007FFFB0C0AF38+40]\n", "test_name": "test_testbuttonsearch", "rerun": "0"}, "1": {"status": "PASS", "message": "", "test_name": "test_test1", "rerun": "0"}, "2": {"status": "FAIL", "message": "   selenium.common.exceptions.NoSuchElementException: Message: no such element: Unable to locate element: {\"method\":\"css selector\",\"selector\":\".w-100\"}\n     (Session info: chrome=131.0.6778.265); For documentation on this error, please visit: https://www.selenium.dev/documentation/webdriver/troubleshooting/errors#no-such-element-exception\n   Stacktrace:\n   \tGetHandleVerifier [0x00007FF6D1CA80D5+2992373]\n   \t(No symbol) [0x00007FF6D193BFD0]\n   \t(No symbol) [0x00007FF6D17D590A]\n   \t(No symbol) [0x00007FF6D182926E]\n   \t(No symbol) [0x00007FF6D182955C]\n   \t(No symbol) [0x00007FF6D18727D7]\n   \t(No symbol) [0x00007FF6D184F3AF]\n   \t(No symbol) [0x00007FF6D186F584]\n   \t(No symbol) [0x00007FF6D184F113]\n   \t(No symbol) [0x00007FF6D181A918]\n   \t(No symbol) [0x00007FF6D181BA81]\n   \tGetHandleVerifier [0x00007FF6D1D06A2D+3379789]\n   \tGetHandleVerifier [0x00007FF6D1D1C32D+3468109]\n   \tGetHandleVerifier [0x00007FF6D1D10043+3418211]\n   \tGetHandleVerifier [0x00007FF6D1A9C78B+847787]\n   \t(No symbol) [0x00007FF6D194757F]\n   \t(No symbol) [0x00007FF6D1942FC4]\n   \t(No symbol) [0x00007FF6D194315D]\n   \t(No symbol) [0x00007FF6D1932979]\n   \tBaseThreadInitThunk [0x00007FFFB02A259D+29]\n   \tRtlUserThreadStart [0x00007FFFB0C0AF38+40]\n", "test_name": "test_test3", "rerun": "0"}, "3": {"status": "FAIL", "message": "   selenium.common.exceptions.NoSuchElementException: Message: no such element: Unable to locate element: {\"method\":\"css selector\",\"selector\":\".col-xl-3:nth-child(3) .card-img\"}\n     (Session info: chrome=131.0.6778.265); For documentation on this error, please visit: https://www.selenium.dev/documentation/webdriver/troubleshooting/errors#no-such-element-exception\n   Stacktrace:\n   \tGetHandleVerifier [0x00007FF6D1CA80D5+2992373]\n   \t(No symbol) [0x00007FF6D193BFD0]\n   \t(No symbol) [0x00007FF6D17D590A]\n   \t(No symbol) [0x00007FF6D182926E]\n   \t(No symbol) [0x00007FF6D182955C]\n   \t(No symbol) [0x00007FF6D18727D7]\n   \t(No symbol) [0x00007FF6D184F3AF]\n   \t(No symbol) [0x00007FF6D186F584]\n   \t(No symbol) [0x00007FF6D184F113]\n   \t(No symbol) [0x00007FF6D181A918]\n   \t(No symbol) [0x00007FF6D181BA81]\n   \tGetHandleVerifier [0x00007FF6D1D06A2D+3379789]\n   \tGetHandleVerifier [0x00007FF6D1D1C32D+3468109]\n   \tGetHandleVerifier [0x00007FF6D1D10043+3418211]\n   \tGetHandleVerifier [0x00007FF6D1A9C78B+847787]\n   \t(No symbol) [0x00007FF6D194757F]\n   \t(No symbol) [0x00007FF6D1942FC4]\n   \t(No symbol) [0x00007FF6D194315D]\n   \t(No symbol) [0x00007FF6D1932979]\n   \tBaseThreadInitThunk [0x00007FFFB02A259D+29]\n   \tRtlUserThreadStart [0x00007FFFB0C0AF38+40]\n", "test_name": "test_testbuttongoback", "rerun": "0"}}, "suite_name": "backend/tests/e2e/test_e2e.py"}}}, "date": "January 11, 2025", "start_time": 1736580362.6064205, "total_suite": 1, "status": "FAIL", "status_list": {"pass": "1", "fail": "3", "skip": "0", "error": "0", "xpass": "0", "xfail": "0", "rerun": "0"}, "total_tests": "4"}